shuangyu  750381  0.0  0.0   6408  2432 pts/72   S+   14:57   0:00 grep xrdfs
shuangyu  750386  0.0  0.0   5592  2048 pts/72   S    14:57   0:00 timeout 30 bash -c xrdfs 'root://xrootd-cms.infn.it/' stat '/store/mc/Run3Summer21PrePremix/Neutrino_E-10_gun/PREMIX/Summer22_124X_mcRun3_2022_realistic_v11-v2/2550000/00c4e2d0-b801-4aba-8757-d0649f3e853d.root'
shuangyu  750387  0.0  0.0  10028  1024 pts/72   R    14:57   0:00 xrdfs root://xrootd-cms.infn.it/ stat /store/mc/Run3Summer21PrePremix/Neutrino_E-10_gun/PREMIX/Summer22_124X_mcRun3_2022_realistic_v11-v2/2550000/00c4e2d0-b801-4aba-8757-d0649f3e853d.root
shuangyu  753837  0.0  0.0   5592  2048 pts/72   S    14:57   0:00 timeout 30 bash -c xrdfs 'root://xrootd-cms.infn.it/' stat '/store/mc/Run3Summer21PrePremix/Neutrino_E-10_gun/PREMIX/Summer22_124X_mcRun3_2022_realistic_v11-v2/2550000/14159d67-4f27-434d-ab63-60b2b8b0a01d.root'
shuangyu  753838  0.0  0.0 212176 14208 pts/72   Sl   14:57   0:00 xrdfs root://xrootd-cms.infn.it/ stat /store/mc/Run3Summer21PrePremix/Neutrino_E-10_gun/PREMIX/Summer22_124X_mcRun3_2022_realistic_v11-v2/2550000/14159d67-4f27-434d-ab63-60b2b8b0a01d.root
shuangyu  753857  0.0  0.0   6408  2432 pts/72   S+   14:57   0:00 grep xrdfs
shuangyu  755406  0.0  0.0   5592  2048 pts/72   S    14:57   0:00 timeout 30 bash -c xrdfs 'root://xrootd-cms.infn.it/' stat '/store/mc/Run3Summer21PrePremix/Neutrino_E-10_gun/PREMIX/Summer22_124X_mcRun3_2022_realistic_v11-v2/2550000/2f46791f-3f5e-4753-bb3c-ef14e06154ae.root'
shuangyu  755408  0.0  0.0 212176 14208 pts/72   Sl   14:57   0:00 xrdfs root://xrootd-cms.infn.it/ stat /store/mc/Run3Summer21PrePremix/Neutrino_E-10_gun/PREMIX/Summer22_124X_mcRun3_2022_realistic_v11-v2/2550000/2f46791f-3f5e-4753-bb3c-ef14e06154ae.root
shuangyu  755447  0.0  0.0   6408  2432 pts/72   S+   14:57   0:00 grep xrdfs
shuangyu  757956  0.0  0.0   5592  2048 pts/72   S    14:57   0:00 timeout 30 bash -c xrdfs 'root://xrootd-cms.infn.it/' stat '/store/mc/Run3Summer21PrePremix/Neutrino_E-10_gun/PREMIX/Summer22_124X_mcRun3_2022_realistic_v11-v2/2550000/4bba89ed-2ad0-4ee7-8781-2cb5bb232461.root'
shuangyu  757957  0.0  0.0 212176 14080 pts/72   Sl   14:57   0:00 xrdfs root://xrootd-cms.infn.it/ stat /store/mc/Run3Summer21PrePremix/Neutrino_E-10_gun/PREMIX/Summer22_124X_mcRun3_2022_realistic_v11-v2/2550000/4bba89ed-2ad0-4ee7-8781-2cb5bb232461.root
shuangyu  757977  0.0  0.0   6408  2432 pts/72   S+   14:57   0:00 grep xrdfs
shuangyu  761663  0.0  0.0   5592  2048 pts/72   S    14:57   0:00 timeout 30 bash -c xrdfs 'root://xrootd-cms.infn.it/' stat '/store/mc/Run3Summer21PrePremix/Neutrino_E-10_gun/PREMIX/Summer22_124X_mcRun3_2022_realistic_v11-v2/2550000/667259cd-1780-4879-ab80-6f9c3c96e8d7.root'
shuangyu  761665  0.0  0.0 146640 11520 pts/72   Sl   14:57   0:00 xrdfs root://xrootd-cms.infn.it/ stat /store/mc/Run3Summer21PrePremix/Neutrino_E-10_gun/PREMIX/Summer22_124X_mcRun3_2022_realistic_v11-v2/2550000/667259cd-1780-4879-ab80-6f9c3c96e8d7.root
shuangyu  761688  0.0  0.0   6408  2432 pts/72   S+   14:57   0:00 grep xrdfs
shuangyu  762961  0.0  0.0   5592  2048 pts/72   S    14:57   0:00 timeout 30 bash -c xrdfs 'root://xrootd-cms.infn.it/' stat '/store/mc/Run3Summer21PrePremix/Neutrino_E-10_gun/PREMIX/Summer22_124X_mcRun3_2022_realistic_v11-v2/2550000/7cafe356-df66-48c5-ada3-525b63f9aa1a.root'
shuangyu  762962  0.0  0.0 212176 14080 pts/72   Sl   14:57   0:00 xrdfs root://xrootd-cms.infn.it/ stat /store/mc/Run3Summer21PrePremix/Neutrino_E-10_gun/PREMIX/Summer22_124X_mcRun3_2022_realistic_v11-v2/2550000/7cafe356-df66-48c5-ada3-525b63f9aa1a.root
shuangyu  762978  0.0  0.0   6408  2432 pts/72   S+   14:57   0:00 grep xrdfs
shuangyu  765636  0.0  0.0   5592  2048 pts/72   S    14:57   0:00 timeout 30 bash -c xrdfs 'root://xrootd-cms.infn.it/' stat '/store/mc/Run3Summer21PrePremix/Neutrino_E-10_gun/PREMIX/Summer22_124X_mcRun3_2022_realistic_v11-v2/2550000/96d49edc-e51f-454d-aa75-269afbb83bdd.root'
shuangyu  765637  0.0  0.0 212176 14080 pts/72   Sl   14:57   0:00 xrdfs root://xrootd-cms.infn.it/ stat /store/mc/Run3Summer21PrePremix/Neutrino_E-10_gun/PREMIX/Summer22_124X_mcRun3_2022_realistic_v11-v2/2550000/96d49edc-e51f-454d-aa75-269afbb83bdd.root
shuangyu  765656  0.0  0.0   6408  2432 pts/72   S+   14:57   0:00 grep xrdfs
shuangyu  768464  0.0  0.0   5592  2048 pts/72   S    14:57   0:00 timeout 30 bash -c xrdfs 'root://xrootd-cms.infn.it/' stat '/store/mc/Run3Summer21PrePremix/Neutrino_E-10_gun/PREMIX/Summer22_124X_mcRun3_2022_realistic_v11-v2/2550000/afcd699a-c53a-406c-acd2-a6c1fb92eaac.root'
shuangyu  768467  0.0  0.0 146640 11520 pts/72   Sl   14:57   0:00 xrdfs root://xrootd-cms.infn.it/ stat /store/mc/Run3Summer21PrePremix/Neutrino_E-10_gun/PREMIX/Summer22_124X_mcRun3_2022_realistic_v11-v2/2550000/afcd699a-c53a-406c-acd2-a6c1fb92eaac.root
shuangyu  768549  0.0  0.0   6408  2432 pts/72   S+   14:57   0:00 grep xrdfs
shuangyu  770907  0.0  0.0   5592  2048 pts/72   S    14:57   0:00 timeout 30 bash -c xrdfs 'root://xrootd-cms.infn.it/' stat '/store/mc/Run3Summer21PrePremix/Neutrino_E-10_gun/PREMIX/Summer22_124X_mcRun3_2022_realistic_v11-v2/2550000/c7a66e75-006f-497f-9b7a-56e16cbbdf79.root'
shuangyu  770908  0.0  0.0 146640 11520 pts/72   Sl   14:57   0:00 xrdfs root://xrootd-cms.infn.it/ stat /store/mc/Run3Summer21PrePremix/Neutrino_E-10_gun/PREMIX/Summer22_124X_mcRun3_2022_realistic_v11-v2/2550000/c7a66e75-006f-497f-9b7a-56e16cbbdf79.root
shuangyu  770912  0.0  0.0   6408  2432 pts/72   S+   14:57   0:00 grep xrdfs
shuangyu  773521  0.0  0.0   5592  1920 pts/72   S    14:57   0:00 timeout 30 bash -c xrdfs 'root://xrootd-cms.infn.it/' stat '/store/mc/Run3Summer21PrePremix/Neutrino_E-10_gun/PREMIX/Summer22_124X_mcRun3_2022_realistic_v11-v2/2550000/e42cc325-27c5-4d65-bc5d-dc941afccf37.root'
shuangyu  773523  0.0  0.0 212176 14080 pts/72   Sl   14:57   0:00 xrdfs root://xrootd-cms.infn.it/ stat /store/mc/Run3Summer21PrePremix/Neutrino_E-10_gun/PREMIX/Summer22_124X_mcRun3_2022_realistic_v11-v2/2550000/e42cc325-27c5-4d65-bc5d-dc941afccf37.root
shuangyu  773558  0.0  0.0   6408  2432 pts/72   S+   14:57   0:00 grep xrdfs
shuangyu  775460  0.0  0.0   5592  2048 pts/72   S    14:57   0:00 timeout 30 bash -c xrdfs 'root://xrootd-cms.infn.it/' stat '/store/mc/Run3Summer21PrePremix/Neutrino_E-10_gun/PREMIX/Summer22_124X_mcRun3_2022_realistic_v11-v2/2550000/fdb65954-2758-42d4-a7c4-577c63960905.root'
shuangyu  775461  0.0  0.0 212176 13952 pts/72   Sl   14:57   0:00 xrdfs root://xrootd-cms.infn.it/ stat /store/mc/Run3Summer21PrePremix/Neutrino_E-10_gun/PREMIX/Summer22_124X_mcRun3_2022_realistic_v11-v2/2550000/fdb65954-2758-42d4-a7c4-577c63960905.root
shuangyu  775526  0.0  0.0   6408  2432 pts/72   S+   14:57   0:00 grep xrdfs
shuangyu  779033  0.0  0.0   5592  2048 pts/72   S    14:57   0:00 timeout 30 bash -c xrdfs 'root://xrootd-cms.infn.it/' stat '/store/mc/Run3Summer21PrePremix/Neutrino_E-10_gun/PREMIX/Summer22_124X_mcRun3_2022_realistic_v11-v2/2550001/4e99c818-d0e3-4285-8f45-98cb1cd1a6fe.root'
shuangyu  779034  0.0  0.0 212176 14080 pts/72   Sl   14:57   0:00 xrdfs root://xrootd-cms.infn.it/ stat /store/mc/Run3Summer21PrePremix/Neutrino_E-10_gun/PREMIX/Summer22_124X_mcRun3_2022_realistic_v11-v2/2550001/4e99c818-d0e3-4285-8f45-98cb1cd1a6fe.root
shuangyu  779053  0.0  0.0   6408  2432 pts/72   S+   14:57   0:00 grep xrdfs
shuangyu  779747  0.0  0.0   5592  2048 pts/72   S    14:58   0:00 timeout 30 bash -c xrdfs 'root://xrootd-cms.infn.it/' stat '/store/mc/Run3Summer21PrePremix/Neutrino_E-10_gun/PREMIX/Summer22_124X_mcRun3_2022_realistic_v11-v2/2550001/77518c88-21fb-4593-9648-30a39aba4e8c.root'
shuangyu  779748  0.0  0.0 605392 14080 pts/72   Sl   14:58   0:00 xrdfs root://xrootd-cms.infn.it/ stat /store/mc/Run3Summer21PrePremix/Neutrino_E-10_gun/PREMIX/Summer22_124X_mcRun3_2022_realistic_v11-v2/2550001/77518c88-21fb-4593-9648-30a39aba4e8c.root
shuangyu  780309  0.0  0.0   6408  2432 pts/72   S+   14:58   0:00 grep xrdfs
shuangyu  779747  0.0  0.0   5592  2048 pts/72   S    14:58   0:00 timeout 30 bash -c xrdfs 'root://xrootd-cms.infn.it/' stat '/store/mc/Run3Summer21PrePremix/Neutrino_E-10_gun/PREMIX/Summer22_124X_mcRun3_2022_realistic_v11-v2/2550001/77518c88-21fb-4593-9648-30a39aba4e8c.root'
shuangyu  779748  0.5  0.0 802620 16128 pts/72   Sl   14:58   0:00 xrdfs root://xrootd-cms.infn.it/ stat /store/mc/Run3Summer21PrePremix/Neutrino_E-10_gun/PREMIX/Summer22_124X_mcRun3_2022_realistic_v11-v2/2550001/77518c88-21fb-4593-9648-30a39aba4e8c.root
shuangyu  781942  0.0  0.0   6408  2432 pts/72   S+   14:58   0:00 grep xrdfs
shuangyu  779747  0.0  0.0   5592  2048 pts/72   S    14:58   0:00 timeout 30 bash -c xrdfs 'root://xrootd-cms.infn.it/' stat '/store/mc/Run3Summer21PrePremix/Neutrino_E-10_gun/PREMIX/Summer22_124X_mcRun3_2022_realistic_v11-v2/2550001/77518c88-21fb-4593-9648-30a39aba4e8c.root'
shuangyu  779748  0.3  0.0 802620 16128 pts/72   Sl   14:58   0:00 xrdfs root://xrootd-cms.infn.it/ stat /store/mc/Run3Summer21PrePremix/Neutrino_E-10_gun/PREMIX/Summer22_124X_mcRun3_2022_realistic_v11-v2/2550001/77518c88-21fb-4593-9648-30a39aba4e8c.root
shuangyu  784653  0.0  0.0   6408  2432 pts/72   S+   14:58   0:00 grep xrdfs
shuangyu  779747  0.0  0.0   5592  2048 pts/72   S    14:58   0:00 timeout 30 bash -c xrdfs 'root://xrootd-cms.infn.it/' stat '/store/mc/Run3Summer21PrePremix/Neutrino_E-10_gun/PREMIX/Summer22_124X_mcRun3_2022_realistic_v11-v2/2550001/77518c88-21fb-4593-9648-30a39aba4e8c.root'
shuangyu  779748  0.2  0.0 802620 16128 pts/72   Sl   14:58   0:00 xrdfs root://xrootd-cms.infn.it/ stat /store/mc/Run3Summer21PrePremix/Neutrino_E-10_gun/PREMIX/Summer22_124X_mcRun3_2022_realistic_v11-v2/2550001/77518c88-21fb-4593-9648-30a39aba4e8c.root
shuangyu  784892  0.0  0.0   6408  2432 pts/72   S+   14:58   0:00 grep xrdfs
shuangyu  779747  0.0  0.0   5592  2048 pts/72   S    14:58   0:00 timeout 30 bash -c xrdfs 'root://xrootd-cms.infn.it/' stat '/store/mc/Run3Summer21PrePremix/Neutrino_E-10_gun/PREMIX/Summer22_124X_mcRun3_2022_realistic_v11-v2/2550001/77518c88-21fb-4593-9648-30a39aba4e8c.root'
shuangyu  779748  0.1  0.0 802620 16128 pts/72   Sl   14:58   0:00 xrdfs root://xrootd-cms.infn.it/ stat /store/mc/Run3Summer21PrePremix/Neutrino_E-10_gun/PREMIX/Summer22_124X_mcRun3_2022_realistic_v11-v2/2550001/77518c88-21fb-4593-9648-30a39aba4e8c.root
shuangyu  786664  0.0  0.0   6408  2432 pts/72   S+   14:58   0:00 grep xrdfs
shuangyu  779747  0.0  0.0   5592  2048 pts/72   S    14:58   0:00 timeout 30 bash -c xrdfs 'root://xrootd-cms.infn.it/' stat '/store/mc/Run3Summer21PrePremix/Neutrino_E-10_gun/PREMIX/Summer22_124X_mcRun3_2022_realistic_v11-v2/2550001/77518c88-21fb-4593-9648-30a39aba4e8c.root'
shuangyu  779748  0.1  0.0 802620 16128 pts/72   Sl   14:58   0:00 xrdfs root://xrootd-cms.infn.it/ stat /store/mc/Run3Summer21PrePremix/Neutrino_E-10_gun/PREMIX/Summer22_124X_mcRun3_2022_realistic_v11-v2/2550001/77518c88-21fb-4593-9648-30a39aba4e8c.root
shuangyu  789062  0.0  0.0   6408  2432 pts/72   S+   14:58   0:00 grep xrdfs
shuangyu  790298  0.0  0.0   5592  2048 pts/72   S    14:58   0:00 timeout 30 bash -c xrdfs 'root://xrootd-cms.infn.it/' stat '/store/mc/Run3Summer21PrePremix/Neutrino_E-10_gun/PREMIX/Summer22_124X_mcRun3_2022_realistic_v11-v2/2550001/976a95b1-31c4-471d-afcf-c10dd160f3fe.root'
shuangyu  790299  0.0  0.0 212176 14080 pts/72   Sl   14:58   0:00 xrdfs root://xrootd-cms.infn.it/ stat /store/mc/Run3Summer21PrePremix/Neutrino_E-10_gun/PREMIX/Summer22_124X_mcRun3_2022_realistic_v11-v2/2550001/976a95b1-31c4-471d-afcf-c10dd160f3fe.root
shuangyu  790315  0.0  0.0   6408  2432 pts/72   S+   14:58   0:00 grep xrdfs
shuangyu  792867  0.0  0.0   5592  2048 pts/72   S    14:58   0:00 timeout 30 bash -c xrdfs 'root://xrootd-cms.infn.it/' stat '/store/mc/Run3Summer21PrePremix/Neutrino_E-10_gun/PREMIX/Summer22_124X_mcRun3_2022_realistic_v11-v2/2550002/03af90c6-623c-4383-bf72-c26ee9bd983b.root'
shuangyu  792869  0.0  0.0 474320 14080 pts/72   Sl   14:58   0:00 xrdfs root://xrootd-cms.infn.it/ stat /store/mc/Run3Summer21PrePremix/Neutrino_E-10_gun/PREMIX/Summer22_124X_mcRun3_2022_realistic_v11-v2/2550002/03af90c6-623c-4383-bf72-c26ee9bd983b.root
shuangyu  792936  0.0  0.0   6408  2432 pts/72   S+   14:58   0:00 grep xrdfs
shuangyu  792867  0.0  0.0   5592  2048 pts/72   S    14:58   0:00 timeout 30 bash -c xrdfs 'root://xrootd-cms.infn.it/' stat '/store/mc/Run3Summer21PrePremix/Neutrino_E-10_gun/PREMIX/Summer22_124X_mcRun3_2022_realistic_v11-v2/2550002/03af90c6-623c-4383-bf72-c26ee9bd983b.root'
shuangyu  792869  0.6  0.0 802620 16128 pts/72   Sl   14:58   0:00 xrdfs root://xrootd-cms.infn.it/ stat /store/mc/Run3Summer21PrePremix/Neutrino_E-10_gun/PREMIX/Summer22_124X_mcRun3_2022_realistic_v11-v2/2550002/03af90c6-623c-4383-bf72-c26ee9bd983b.root
shuangyu  794500  0.0  0.0   6408  2432 pts/72   S+   14:58   0:00 grep xrdfs
shuangyu  792867  0.0  0.0   5592  2048 pts/72   S    14:58   0:00 timeout 30 bash -c xrdfs 'root://xrootd-cms.infn.it/' stat '/store/mc/Run3Summer21PrePremix/Neutrino_E-10_gun/PREMIX/Summer22_124X_mcRun3_2022_realistic_v11-v2/2550002/03af90c6-623c-4383-bf72-c26ee9bd983b.root'
shuangyu  792869  0.3  0.0 802620 16128 pts/72   Sl   14:58   0:00 xrdfs root://xrootd-cms.infn.it/ stat /store/mc/Run3Summer21PrePremix/Neutrino_E-10_gun/PREMIX/Summer22_124X_mcRun3_2022_realistic_v11-v2/2550002/03af90c6-623c-4383-bf72-c26ee9bd983b.root
shuangyu  796448  0.0  0.0   6408  2432 pts/72   S+   14:58   0:00 grep xrdfs
shuangyu  792867  0.0  0.0   5592  2048 pts/72   S    14:58   0:00 timeout 30 bash -c xrdfs 'root://xrootd-cms.infn.it/' stat '/store/mc/Run3Summer21PrePremix/Neutrino_E-10_gun/PREMIX/Summer22_124X_mcRun3_2022_realistic_v11-v2/2550002/03af90c6-623c-4383-bf72-c26ee9bd983b.root'
shuangyu  792869  0.1  0.0 802620 16128 pts/72   Sl   14:58   0:00 xrdfs root://xrootd-cms.infn.it/ stat /store/mc/Run3Summer21PrePremix/Neutrino_E-10_gun/PREMIX/Summer22_124X_mcRun3_2022_realistic_v11-v2/2550002/03af90c6-623c-4383-bf72-c26ee9bd983b.root
shuangyu  797546  0.0  0.0   6408  2432 pts/72   S+   14:58   0:00 grep xrdfs
shuangyu  792867  0.0  0.0   5592  2048 pts/72   S    14:58   0:00 timeout 30 bash -c xrdfs 'root://xrootd-cms.infn.it/' stat '/store/mc/Run3Summer21PrePremix/Neutrino_E-10_gun/PREMIX/Summer22_124X_mcRun3_2022_realistic_v11-v2/2550002/03af90c6-623c-4383-bf72-c26ee9bd983b.root'
shuangyu  792869  0.1  0.0 802620 16128 pts/72   Sl   14:58   0:00 xrdfs root://xrootd-cms.infn.it/ stat /store/mc/Run3Summer21PrePremix/Neutrino_E-10_gun/PREMIX/Summer22_124X_mcRun3_2022_realistic_v11-v2/2550002/03af90c6-623c-4383-bf72-c26ee9bd983b.root
shuangyu  798781  0.0  0.0   6408  2432 pts/72   S+   14:58   0:00 grep xrdfs
shuangyu  792867  0.0  0.0   5592  2048 pts/72   S    14:58   0:00 timeout 30 bash -c xrdfs 'root://xrootd-cms.infn.it/' stat '/store/mc/Run3Summer21PrePremix/Neutrino_E-10_gun/PREMIX/Summer22_124X_mcRun3_2022_realistic_v11-v2/2550002/03af90c6-623c-4383-bf72-c26ee9bd983b.root'
shuangyu  792869  0.1  0.0 802620 16128 pts/72   Sl   14:58   0:00 xrdfs root://xrootd-cms.infn.it/ stat /store/mc/Run3Summer21PrePremix/Neutrino_E-10_gun/PREMIX/Summer22_124X_mcRun3_2022_realistic_v11-v2/2550002/03af90c6-623c-4383-bf72-c26ee9bd983b.root
shuangyu  801447  0.0  0.0   6408  2432 pts/72   S+   14:59   0:00 grep xrdfs
shuangyu  801995  0.0  0.0   5592  2048 pts/72   S    14:59   0:00 timeout 30 bash -c xrdfs 'root://xrootd-cms.infn.it/' stat '/store/mc/Run3Summer21PrePremix/Neutrino_E-10_gun/PREMIX/Summer22_124X_mcRun3_2022_realistic_v11-v2/2550002/05b4a5d6-eb24-46ee-af8f-b0ad975550c4.root'
shuangyu  801996  1.0  0.0 474320 16132 pts/72   Sl   14:59   0:00 xrdfs root://xrootd-cms.infn.it/ stat /store/mc/Run3Summer21PrePremix/Neutrino_E-10_gun/PREMIX/Summer22_124X_mcRun3_2022_realistic_v11-v2/2550002/05b4a5d6-eb24-46ee-af8f-b0ad975550c4.root
shuangyu  802130  0.0  0.0   6408  2432 pts/72   S+   14:59   0:00 grep xrdfs
shuangyu  801995  0.0  0.0   5592  2048 pts/72   S    14:59   0:00 timeout 30 bash -c xrdfs 'root://xrootd-cms.infn.it/' stat '/store/mc/Run3Summer21PrePremix/Neutrino_E-10_gun/PREMIX/Summer22_124X_mcRun3_2022_realistic_v11-v2/2550002/05b4a5d6-eb24-46ee-af8f-b0ad975550c4.root'
shuangyu  801996  0.5  0.0 802620 18180 pts/72   Sl   14:59   0:00 xrdfs root://xrootd-cms.infn.it/ stat /store/mc/Run3Summer21PrePremix/Neutrino_E-10_gun/PREMIX/Summer22_124X_mcRun3_2022_realistic_v11-v2/2550002/05b4a5d6-eb24-46ee-af8f-b0ad975550c4.root
shuangyu  803866  0.0  0.0   6408  2432 pts/72   S+   14:59   0:00 grep xrdfs
shuangyu  801995  0.0  0.0   5592  2048 pts/72   S    14:59   0:00 timeout 30 bash -c xrdfs 'root://xrootd-cms.infn.it/' stat '/store/mc/Run3Summer21PrePremix/Neutrino_E-10_gun/PREMIX/Summer22_124X_mcRun3_2022_realistic_v11-v2/2550002/05b4a5d6-eb24-46ee-af8f-b0ad975550c4.root'
shuangyu  801996  0.2  0.0 802620 18180 pts/72   Sl   14:59   0:00 xrdfs root://xrootd-cms.infn.it/ stat /store/mc/Run3Summer21PrePremix/Neutrino_E-10_gun/PREMIX/Summer22_124X_mcRun3_2022_realistic_v11-v2/2550002/05b4a5d6-eb24-46ee-af8f-b0ad975550c4.root
shuangyu  806662  0.0  0.0   6408  2432 pts/72   S+   14:59   0:00 grep xrdfs
shuangyu  801995  0.0  0.0   5592  2048 pts/72   S    14:59   0:00 timeout 30 bash -c xrdfs 'root://xrootd-cms.infn.it/' stat '/store/mc/Run3Summer21PrePremix/Neutrino_E-10_gun/PREMIX/Summer22_124X_mcRun3_2022_realistic_v11-v2/2550002/05b4a5d6-eb24-46ee-af8f-b0ad975550c4.root'
shuangyu  801996  0.1  0.0 802620 18180 pts/72   Sl   14:59   0:00 xrdfs root://xrootd-cms.infn.it/ stat /store/mc/Run3Summer21PrePremix/Neutrino_E-10_gun/PREMIX/Summer22_124X_mcRun3_2022_realistic_v11-v2/2550002/05b4a5d6-eb24-46ee-af8f-b0ad975550c4.root
shuangyu  807098  0.0  0.0   6408  2432 pts/72   S+   14:59   0:00 grep xrdfs
shuangyu  801995  0.0  0.0   5592  2048 pts/72   S    14:59   0:00 timeout 30 bash -c xrdfs 'root://xrootd-cms.infn.it/' stat '/store/mc/Run3Summer21PrePremix/Neutrino_E-10_gun/PREMIX/Summer22_124X_mcRun3_2022_realistic_v11-v2/2550002/05b4a5d6-eb24-46ee-af8f-b0ad975550c4.root'
shuangyu  801996  0.1  0.0 802620 18180 pts/72   Sl   14:59   0:00 xrdfs root://xrootd-cms.infn.it/ stat /store/mc/Run3Summer21PrePremix/Neutrino_E-10_gun/PREMIX/Summer22_124X_mcRun3_2022_realistic_v11-v2/2550002/05b4a5d6-eb24-46ee-af8f-b0ad975550c4.root
shuangyu  808943  0.0  0.0   6408  2432 pts/72   S+   14:59   0:00 grep xrdfs
shuangyu  801995  0.0  0.0   5592  2048 pts/72   S    14:59   0:00 timeout 30 bash -c xrdfs 'root://xrootd-cms.infn.it/' stat '/store/mc/Run3Summer21PrePremix/Neutrino_E-10_gun/PREMIX/Summer22_124X_mcRun3_2022_realistic_v11-v2/2550002/05b4a5d6-eb24-46ee-af8f-b0ad975550c4.root'
shuangyu  801996  0.1  0.0 802620 18180 pts/72   Sl   14:59   0:00 xrdfs root://xrootd-cms.infn.it/ stat /store/mc/Run3Summer21PrePremix/Neutrino_E-10_gun/PREMIX/Summer22_124X_mcRun3_2022_realistic_v11-v2/2550002/05b4a5d6-eb24-46ee-af8f-b0ad975550c4.root
shuangyu  811824  0.0  0.0   6408  2432 pts/72   S+   14:59   0:00 grep xrdfs
shuangyu  812109  0.0  0.0   5592  2048 pts/72   S    14:59   0:00 timeout 30 bash -c xrdfs 'root://xrootd-cms.infn.it/' stat '/store/mc/Run3Summer21PrePremix/Neutrino_E-10_gun/PREMIX/Summer22_124X_mcRun3_2022_realistic_v11-v2/2550002/05b6f976-ecf9-4fa7-ba6f-c997b0e99ea0.root'
shuangyu  812110  1.0  0.0 474320 16132 pts/72   Sl   14:59   0:00 xrdfs root://xrootd-cms.infn.it/ stat /store/mc/Run3Summer21PrePremix/Neutrino_E-10_gun/PREMIX/Summer22_124X_mcRun3_2022_realistic_v11-v2/2550002/05b6f976-ecf9-4fa7-ba6f-c997b0e99ea0.root
shuangyu  812193  0.0  0.0   6408  2432 pts/72   S+   14:59   0:00 grep xrdfs
shuangyu  812109  0.0  0.0   5592  2048 pts/72   S    14:59   0:00 timeout 30 bash -c xrdfs 'root://xrootd-cms.infn.it/' stat '/store/mc/Run3Summer21PrePremix/Neutrino_E-10_gun/PREMIX/Summer22_124X_mcRun3_2022_realistic_v11-v2/2550002/05b6f976-ecf9-4fa7-ba6f-c997b0e99ea0.root'
shuangyu  812110  0.6  0.0 802620 18308 pts/72   Sl   14:59   0:00 xrdfs root://xrootd-cms.infn.it/ stat /store/mc/Run3Summer21PrePremix/Neutrino_E-10_gun/PREMIX/Summer22_124X_mcRun3_2022_realistic_v11-v2/2550002/05b6f976-ecf9-4fa7-ba6f-c997b0e99ea0.root
shuangyu  814113  0.0  0.0   6408  2432 pts/72   S+   14:59   0:00 grep xrdfs
shuangyu  812109  0.0  0.0   5592  2048 pts/72   S    14:59   0:00 timeout 30 bash -c xrdfs 'root://xrootd-cms.infn.it/' stat '/store/mc/Run3Summer21PrePremix/Neutrino_E-10_gun/PREMIX/Summer22_124X_mcRun3_2022_realistic_v11-v2/2550002/05b6f976-ecf9-4fa7-ba6f-c997b0e99ea0.root'
shuangyu  812110  0.3  0.0 802620 18308 pts/72   Sl   14:59   0:00 xrdfs root://xrootd-cms.infn.it/ stat /store/mc/Run3Summer21PrePremix/Neutrino_E-10_gun/PREMIX/Summer22_124X_mcRun3_2022_realistic_v11-v2/2550002/05b6f976-ecf9-4fa7-ba6f-c997b0e99ea0.root
shuangyu  816432  0.0  0.0   6408  2432 pts/72   S+   14:59   0:00 grep xrdfs
shuangyu  812109  0.0  0.0   5592  2048 pts/72   S    14:59   0:00 timeout 30 bash -c xrdfs 'root://xrootd-cms.infn.it/' stat '/store/mc/Run3Summer21PrePremix/Neutrino_E-10_gun/PREMIX/Summer22_124X_mcRun3_2022_realistic_v11-v2/2550002/05b6f976-ecf9-4fa7-ba6f-c997b0e99ea0.root'
shuangyu  812110  0.2  0.0 802620 18308 pts/72   Sl   14:59   0:00 xrdfs root://xrootd-cms.infn.it/ stat /store/mc/Run3Summer21PrePremix/Neutrino_E-10_gun/PREMIX/Summer22_124X_mcRun3_2022_realistic_v11-v2/2550002/05b6f976-ecf9-4fa7-ba6f-c997b0e99ea0.root
shuangyu  817403  0.0  0.0   6408  2432 pts/72   S+   14:59   0:00 grep xrdfs
shuangyu  812109  0.0  0.0   5592  2048 pts/72   S    14:59   0:00 timeout 30 bash -c xrdfs 'root://xrootd-cms.infn.it/' stat '/store/mc/Run3Summer21PrePremix/Neutrino_E-10_gun/PREMIX/Summer22_124X_mcRun3_2022_realistic_v11-v2/2550002/05b6f976-ecf9-4fa7-ba6f-c997b0e99ea0.root'
shuangyu  812110  0.1  0.0 802620 18308 pts/72   Sl   14:59   0:00 xrdfs root://xrootd-cms.infn.it/ stat /store/mc/Run3Summer21PrePremix/Neutrino_E-10_gun/PREMIX/Summer22_124X_mcRun3_2022_realistic_v11-v2/2550002/05b6f976-ecf9-4fa7-ba6f-c997b0e99ea0.root
shuangyu  819151  0.0  0.0   6408  2432 pts/72   S+   14:59   0:00 grep xrdfs
shuangyu  812109  0.0  0.0   5592  2048 pts/72   S    14:59   0:00 timeout 30 bash -c xrdfs 'root://xrootd-cms.infn.it/' stat '/store/mc/Run3Summer21PrePremix/Neutrino_E-10_gun/PREMIX/Summer22_124X_mcRun3_2022_realistic_v11-v2/2550002/05b6f976-ecf9-4fa7-ba6f-c997b0e99ea0.root'
shuangyu  812110  0.1  0.0 802620 18308 pts/72   Sl   14:59   0:00 xrdfs root://xrootd-cms.infn.it/ stat /store/mc/Run3Summer21PrePremix/Neutrino_E-10_gun/PREMIX/Summer22_124X_mcRun3_2022_realistic_v11-v2/2550002/05b6f976-ecf9-4fa7-ba6f-c997b0e99ea0.root
shuangyu  821129  0.0  0.0   6408  2432 pts/72   S+   15:00   0:00 grep xrdfs
shuangyu  822442  0.0  0.0   5592  2048 pts/72   S    15:00   0:00 timeout 30 bash -c xrdfs 'root://xrootd-cms.infn.it/' stat '/store/mc/Run3Summer21PrePremix/Neutrino_E-10_gun/PREMIX/Summer22_124X_mcRun3_2022_realistic_v11-v2/2550002/0647d1f9-3da6-4c0c-ac70-8b3202d42ab2.root'
shuangyu  822443  1.0  0.0 539856 16004 pts/72   Sl   15:00   0:00 xrdfs root://xrootd-cms.infn.it/ stat /store/mc/Run3Summer21PrePremix/Neutrino_E-10_gun/PREMIX/Summer22_124X_mcRun3_2022_realistic_v11-v2/2550002/0647d1f9-3da6-4c0c-ac70-8b3202d42ab2.root
shuangyu  822480  0.0  0.0   6408  2432 pts/72   S+   15:00   0:00 grep xrdfs
shuangyu  822442  0.0  0.0   5592  2048 pts/72   S    15:00   0:00 timeout 30 bash -c xrdfs 'root://xrootd-cms.infn.it/' stat '/store/mc/Run3Summer21PrePremix/Neutrino_E-10_gun/PREMIX/Summer22_124X_mcRun3_2022_realistic_v11-v2/2550002/0647d1f9-3da6-4c0c-ac70-8b3202d42ab2.root'
shuangyu  822443  0.5  0.0 802620 18180 pts/72   Sl   15:00   0:00 xrdfs root://xrootd-cms.infn.it/ stat /store/mc/Run3Summer21PrePremix/Neutrino_E-10_gun/PREMIX/Summer22_124X_mcRun3_2022_realistic_v11-v2/2550002/0647d1f9-3da6-4c0c-ac70-8b3202d42ab2.root
shuangyu  824080  0.0  0.0   6408  2432 pts/72   S+   15:00   0:00 grep xrdfs
shuangyu  822442  0.0  0.0   5592  2048 pts/72   S    15:00   0:00 timeout 30 bash -c xrdfs 'root://xrootd-cms.infn.it/' stat '/store/mc/Run3Summer21PrePremix/Neutrino_E-10_gun/PREMIX/Summer22_124X_mcRun3_2022_realistic_v11-v2/2550002/0647d1f9-3da6-4c0c-ac70-8b3202d42ab2.root'
shuangyu  822443  0.2  0.0 802620 18180 pts/72   Sl   15:00   0:00 xrdfs root://xrootd-cms.infn.it/ stat /store/mc/Run3Summer21PrePremix/Neutrino_E-10_gun/PREMIX/Summer22_124X_mcRun3_2022_realistic_v11-v2/2550002/0647d1f9-3da6-4c0c-ac70-8b3202d42ab2.root
shuangyu  825414  0.0  0.0   6408  2432 pts/72   S+   15:00   0:00 grep xrdfs
shuangyu  822442  0.0  0.0   5592  2048 pts/72   S    15:00   0:00 timeout 30 bash -c xrdfs 'root://xrootd-cms.infn.it/' stat '/store/mc/Run3Summer21PrePremix/Neutrino_E-10_gun/PREMIX/Summer22_124X_mcRun3_2022_realistic_v11-v2/2550002/0647d1f9-3da6-4c0c-ac70-8b3202d42ab2.root'
shuangyu  822443  0.1  0.0 802620 18180 pts/72   Sl   15:00   0:00 xrdfs root://xrootd-cms.infn.it/ stat /store/mc/Run3Summer21PrePremix/Neutrino_E-10_gun/PREMIX/Summer22_124X_mcRun3_2022_realistic_v11-v2/2550002/0647d1f9-3da6-4c0c-ac70-8b3202d42ab2.root
shuangyu  827534  0.0  0.0   6408  2432 pts/72   S+   15:00   0:00 grep xrdfs
shuangyu  822442  0.0  0.0   5592  2048 pts/72   S    15:00   0:00 timeout 30 bash -c xrdfs 'root://xrootd-cms.infn.it/' stat '/store/mc/Run3Summer21PrePremix/Neutrino_E-10_gun/PREMIX/Summer22_124X_mcRun3_2022_realistic_v11-v2/2550002/0647d1f9-3da6-4c0c-ac70-8b3202d42ab2.root'
shuangyu  822443  0.1  0.0 802620 18180 pts/72   Sl   15:00   0:00 xrdfs root://xrootd-cms.infn.it/ stat /store/mc/Run3Summer21PrePremix/Neutrino_E-10_gun/PREMIX/Summer22_124X_mcRun3_2022_realistic_v11-v2/2550002/0647d1f9-3da6-4c0c-ac70-8b3202d42ab2.root
shuangyu  828771  0.0  0.0   6408  2432 pts/72   S+   15:00   0:00 grep xrdfs
shuangyu  822442  0.0  0.0   5592  2048 pts/72   S    15:00   0:00 timeout 30 bash -c xrdfs 'root://xrootd-cms.infn.it/' stat '/store/mc/Run3Summer21PrePremix/Neutrino_E-10_gun/PREMIX/Summer22_124X_mcRun3_2022_realistic_v11-v2/2550002/0647d1f9-3da6-4c0c-ac70-8b3202d42ab2.root'
shuangyu  822443  0.1  0.0 802620 18180 pts/72   Sl   15:00   0:00 xrdfs root://xrootd-cms.infn.it/ stat /store/mc/Run3Summer21PrePremix/Neutrino_E-10_gun/PREMIX/Summer22_124X_mcRun3_2022_realistic_v11-v2/2550002/0647d1f9-3da6-4c0c-ac70-8b3202d42ab2.root
shuangyu  829897  0.0  0.0   6408  2432 pts/72   S+   15:00   0:00 grep xrdfs
shuangyu  832503  0.0  0.0   5592  2048 pts/72   S    15:00   0:00 timeout 30 bash -c xrdfs 'root://xrootd-cms.infn.it/' stat '/store/mc/Run3Summer21PrePremix/Neutrino_E-10_gun/PREMIX/Summer22_124X_mcRun3_2022_realistic_v11-v2/2550002/06712cb5-c2d1-4792-8b48-d5c66c9a3419.root'
shuangyu  832504  1.0  0.0 212176 14208 pts/72   Sl   15:00   0:00 xrdfs root://xrootd-cms.infn.it/ stat /store/mc/Run3Summer21PrePremix/Neutrino_E-10_gun/PREMIX/Summer22_124X_mcRun3_2022_realistic_v11-v2/2550002/06712cb5-c2d1-4792-8b48-d5c66c9a3419.root
shuangyu  832574  0.0  0.0   6408  2432 pts/72   S+   15:00   0:00 grep xrdfs
shuangyu  832503  0.0  0.0   5592  2048 pts/72   S    15:00   0:00 timeout 30 bash -c xrdfs 'root://xrootd-cms.infn.it/' stat '/store/mc/Run3Summer21PrePremix/Neutrino_E-10_gun/PREMIX/Summer22_124X_mcRun3_2022_realistic_v11-v2/2550002/06712cb5-c2d1-4792-8b48-d5c66c9a3419.root'
shuangyu  832504  0.1  0.0 343248 14208 pts/72   Sl   15:00   0:00 xrdfs root://xrootd-cms.infn.it/ stat /store/mc/Run3Summer21PrePremix/Neutrino_E-10_gun/PREMIX/Summer22_124X_mcRun3_2022_realistic_v11-v2/2550002/06712cb5-c2d1-4792-8b48-d5c66c9a3419.root
shuangyu  833333  0.0  0.0   6408  2432 pts/72   S+   15:00   0:00 grep xrdfs
shuangyu  832503  0.0  0.0   5592  2048 pts/72   S    15:00   0:00 timeout 30 bash -c xrdfs 'root://xrootd-cms.infn.it/' stat '/store/mc/Run3Summer21PrePremix/Neutrino_E-10_gun/PREMIX/Summer22_124X_mcRun3_2022_realistic_v11-v2/2550002/06712cb5-c2d1-4792-8b48-d5c66c9a3419.root'
shuangyu  832504  0.2  0.0 802620 16256 pts/72   Sl   15:00   0:00 xrdfs root://xrootd-cms.infn.it/ stat /store/mc/Run3Summer21PrePremix/Neutrino_E-10_gun/PREMIX/Summer22_124X_mcRun3_2022_realistic_v11-v2/2550002/06712cb5-c2d1-4792-8b48-d5c66c9a3419.root
shuangyu  834903  0.0  0.0   6408  2432 pts/72   S+   15:00   0:00 grep xrdfs
shuangyu  832503  0.0  0.0   5592  2048 pts/72   S    15:00   0:00 timeout 30 bash -c xrdfs 'root://xrootd-cms.infn.it/' stat '/store/mc/Run3Summer21PrePremix/Neutrino_E-10_gun/PREMIX/Summer22_124X_mcRun3_2022_realistic_v11-v2/2550002/06712cb5-c2d1-4792-8b48-d5c66c9a3419.root'
shuangyu  832504  0.1  0.0 802620 16256 pts/72   Sl   15:00   0:00 xrdfs root://xrootd-cms.infn.it/ stat /store/mc/Run3Summer21PrePremix/Neutrino_E-10_gun/PREMIX/Summer22_124X_mcRun3_2022_realistic_v11-v2/2550002/06712cb5-c2d1-4792-8b48-d5c66c9a3419.root
shuangyu  837614  0.0  0.0   6408  2432 pts/72   S+   15:00   0:00 grep xrdfs
shuangyu  832503  0.0  0.0   5592  2048 pts/72   S    15:00   0:00 timeout 30 bash -c xrdfs 'root://xrootd-cms.infn.it/' stat '/store/mc/Run3Summer21PrePremix/Neutrino_E-10_gun/PREMIX/Summer22_124X_mcRun3_2022_realistic_v11-v2/2550002/06712cb5-c2d1-4792-8b48-d5c66c9a3419.root'
shuangyu  832504  0.1  0.0 802620 16256 pts/72   Sl   15:00   0:00 xrdfs root://xrootd-cms.infn.it/ stat /store/mc/Run3Summer21PrePremix/Neutrino_E-10_gun/PREMIX/Summer22_124X_mcRun3_2022_realistic_v11-v2/2550002/06712cb5-c2d1-4792-8b48-d5c66c9a3419.root
shuangyu  838092  0.0  0.0   6408  2432 pts/72   S+   15:00   0:00 grep xrdfs
shuangyu  832503  0.0  0.0   5592  2048 pts/72   S    15:00   0:00 timeout 30 bash -c xrdfs 'root://xrootd-cms.infn.it/' stat '/store/mc/Run3Summer21PrePremix/Neutrino_E-10_gun/PREMIX/Summer22_124X_mcRun3_2022_realistic_v11-v2/2550002/06712cb5-c2d1-4792-8b48-d5c66c9a3419.root'
shuangyu  832504  0.1  0.0 802620 16256 pts/72   Sl   15:00   0:00 xrdfs root://xrootd-cms.infn.it/ stat /store/mc/Run3Summer21PrePremix/Neutrino_E-10_gun/PREMIX/Summer22_124X_mcRun3_2022_realistic_v11-v2/2550002/06712cb5-c2d1-4792-8b48-d5c66c9a3419.root
shuangyu  839679  0.0  0.0   6408  2432 pts/72   S+   15:01   0:00 grep xrdfs
shuangyu  842167  0.0  0.0   5592  2048 pts/72   S    15:01   0:00 timeout 30 bash -c xrdfs 'root://xrootd-cms.infn.it/' stat '/store/mc/Run3Summer21PrePremix/Neutrino_E-10_gun/PREMIX/Summer22_124X_mcRun3_2022_realistic_v11-v2/2550002/091e1479-1104-4819-85c3-c0732aace2ae.root'
shuangyu  842168  0.0  0.0 212176 16128 pts/72   Sl   15:01   0:00 xrdfs root://xrootd-cms.infn.it/ stat /store/mc/Run3Summer21PrePremix/Neutrino_E-10_gun/PREMIX/Summer22_124X_mcRun3_2022_realistic_v11-v2/2550002/091e1479-1104-4819-85c3-c0732aace2ae.root
shuangyu  842632  0.0  0.0   6408  2432 pts/72   S+   15:01   0:00 grep xrdfs
shuangyu  842167  0.0  0.0   5592  2048 pts/72   S    15:01   0:00 timeout 30 bash -c xrdfs 'root://xrootd-cms.infn.it/' stat '/store/mc/Run3Summer21PrePremix/Neutrino_E-10_gun/PREMIX/Summer22_124X_mcRun3_2022_realistic_v11-v2/2550002/091e1479-1104-4819-85c3-c0732aace2ae.root'
shuangyu  842168  0.0  0.0 343248 16128 pts/72   Sl   15:01   0:00 xrdfs root://xrootd-cms.infn.it/ stat /store/mc/Run3Summer21PrePremix/Neutrino_E-10_gun/PREMIX/Summer22_124X_mcRun3_2022_realistic_v11-v2/2550002/091e1479-1104-4819-85c3-c0732aace2ae.root
shuangyu  842925  0.0  0.0   6408  2432 pts/72   S+   15:01   0:00 grep xrdfs
shuangyu  842167  0.0  0.0   5592  2048 pts/72   S    15:01   0:00 timeout 30 bash -c xrdfs 'root://xrootd-cms.infn.it/' stat '/store/mc/Run3Summer21PrePremix/Neutrino_E-10_gun/PREMIX/Summer22_124X_mcRun3_2022_realistic_v11-v2/2550002/091e1479-1104-4819-85c3-c0732aace2ae.root'
shuangyu  842168  0.3  0.0 802620 18304 pts/72   Sl   15:01   0:00 xrdfs root://xrootd-cms.infn.it/ stat /store/mc/Run3Summer21PrePremix/Neutrino_E-10_gun/PREMIX/Summer22_124X_mcRun3_2022_realistic_v11-v2/2550002/091e1479-1104-4819-85c3-c0732aace2ae.root
shuangyu  844683  0.0  0.0   6408  2432 pts/72   S+   15:01   0:00 grep xrdfs
shuangyu  842167  0.0  0.0   5592  2048 pts/72   S    15:01   0:00 timeout 30 bash -c xrdfs 'root://xrootd-cms.infn.it/' stat '/store/mc/Run3Summer21PrePremix/Neutrino_E-10_gun/PREMIX/Summer22_124X_mcRun3_2022_realistic_v11-v2/2550002/091e1479-1104-4819-85c3-c0732aace2ae.root'
shuangyu  842168  0.2  0.0 802620 18304 pts/72   Sl   15:01   0:00 xrdfs root://xrootd-cms.infn.it/ stat /store/mc/Run3Summer21PrePremix/Neutrino_E-10_gun/PREMIX/Summer22_124X_mcRun3_2022_realistic_v11-v2/2550002/091e1479-1104-4819-85c3-c0732aace2ae.root
shuangyu  847158  0.0  0.0   6408  2432 pts/72   S+   15:01   0:00 grep xrdfs
shuangyu  842167  0.0  0.0   5592  2048 pts/72   S    15:01   0:00 timeout 30 bash -c xrdfs 'root://xrootd-cms.infn.it/' stat '/store/mc/Run3Summer21PrePremix/Neutrino_E-10_gun/PREMIX/Summer22_124X_mcRun3_2022_realistic_v11-v2/2550002/091e1479-1104-4819-85c3-c0732aace2ae.root'
shuangyu  842168  0.1  0.0 802620 18304 pts/72   Sl   15:01   0:00 xrdfs root://xrootd-cms.infn.it/ stat /store/mc/Run3Summer21PrePremix/Neutrino_E-10_gun/PREMIX/Summer22_124X_mcRun3_2022_realistic_v11-v2/2550002/091e1479-1104-4819-85c3-c0732aace2ae.root
shuangyu  847953  0.0  0.0   6408  2432 pts/72   S+   15:01   0:00 grep xrdfs
shuangyu  842167  0.0  0.0   5592  2048 pts/72   S    15:01   0:00 timeout 30 bash -c xrdfs 'root://xrootd-cms.infn.it/' stat '/store/mc/Run3Summer21PrePremix/Neutrino_E-10_gun/PREMIX/Summer22_124X_mcRun3_2022_realistic_v11-v2/2550002/091e1479-1104-4819-85c3-c0732aace2ae.root'
shuangyu  842168  0.1  0.0 802620 18304 pts/72   Sl   15:01   0:00 xrdfs root://xrootd-cms.infn.it/ stat /store/mc/Run3Summer21PrePremix/Neutrino_E-10_gun/PREMIX/Summer22_124X_mcRun3_2022_realistic_v11-v2/2550002/091e1479-1104-4819-85c3-c0732aace2ae.root
shuangyu  849662  0.0  0.0   6408  2432 pts/72   S+   15:01   0:00 grep xrdfs
shuangyu  850594  0.0  0.0   5592  2048 pts/72   S    15:01   0:00 timeout 30 bash -c xrdfs 'root://xrootd-cms.infn.it/' stat '/store/mc/Run3Summer21PrePremix/Neutrino_E-10_gun/PREMIX/Summer22_124X_mcRun3_2022_realistic_v11-v2/2550002/09382cf5-f5f8-4d9e-972c-8bd46121789e.root'
shuangyu  850596  1.0  0.0 539856 16132 pts/72   Sl   15:01   0:00 xrdfs root://xrootd-cms.infn.it/ stat /store/mc/Run3Summer21PrePremix/Neutrino_E-10_gun/PREMIX/Summer22_124X_mcRun3_2022_realistic_v11-v2/2550002/09382cf5-f5f8-4d9e-972c-8bd46121789e.root
shuangyu  851410  0.0  0.0   6408  2432 pts/72   S+   15:01   0:00 grep xrdfs
shuangyu  850594  0.0  0.0   5592  2048 pts/72   S    15:01   0:00 timeout 30 bash -c xrdfs 'root://xrootd-cms.infn.it/' stat '/store/mc/Run3Summer21PrePremix/Neutrino_E-10_gun/PREMIX/Summer22_124X_mcRun3_2022_realistic_v11-v2/2550002/09382cf5-f5f8-4d9e-972c-8bd46121789e.root'
shuangyu  850596  0.6  0.0 802620 18308 pts/72   Sl   15:01   0:00 xrdfs root://xrootd-cms.infn.it/ stat /store/mc/Run3Summer21PrePremix/Neutrino_E-10_gun/PREMIX/Summer22_124X_mcRun3_2022_realistic_v11-v2/2550002/09382cf5-f5f8-4d9e-972c-8bd46121789e.root
shuangyu  853021  0.0  0.0   6408  2432 pts/72   S+   15:01   0:00 grep xrdfs
shuangyu  850594  0.0  0.0   5592  2048 pts/72   S    15:01   0:00 timeout 30 bash -c xrdfs 'root://xrootd-cms.infn.it/' stat '/store/mc/Run3Summer21PrePremix/Neutrino_E-10_gun/PREMIX/Summer22_124X_mcRun3_2022_realistic_v11-v2/2550002/09382cf5-f5f8-4d9e-972c-8bd46121789e.root'
shuangyu  850596  0.3  0.0 802620 18308 pts/72   Sl   15:01   0:00 xrdfs root://xrootd-cms.infn.it/ stat /store/mc/Run3Summer21PrePremix/Neutrino_E-10_gun/PREMIX/Summer22_124X_mcRun3_2022_realistic_v11-v2/2550002/09382cf5-f5f8-4d9e-972c-8bd46121789e.root
shuangyu  854648  0.0  0.0   6408  2432 pts/72   S+   15:01   0:00 grep xrdfs
shuangyu  850594  0.0  0.0   5592  2048 pts/72   S    15:01   0:00 timeout 30 bash -c xrdfs 'root://xrootd-cms.infn.it/' stat '/store/mc/Run3Summer21PrePremix/Neutrino_E-10_gun/PREMIX/Summer22_124X_mcRun3_2022_realistic_v11-v2/2550002/09382cf5-f5f8-4d9e-972c-8bd46121789e.root'
shuangyu  850596  0.2  0.0 802620 18308 pts/72   Sl   15:01   0:00 xrdfs root://xrootd-cms.infn.it/ stat /store/mc/Run3Summer21PrePremix/Neutrino_E-10_gun/PREMIX/Summer22_124X_mcRun3_2022_realistic_v11-v2/2550002/09382cf5-f5f8-4d9e-972c-8bd46121789e.root
shuangyu  855871  0.0  0.0   6408  2432 pts/72   S+   15:01   0:00 grep xrdfs
shuangyu  850594  0.0  0.0   5592  2048 pts/72   S    15:01   0:00 timeout 30 bash -c xrdfs 'root://xrootd-cms.infn.it/' stat '/store/mc/Run3Summer21PrePremix/Neutrino_E-10_gun/PREMIX/Summer22_124X_mcRun3_2022_realistic_v11-v2/2550002/09382cf5-f5f8-4d9e-972c-8bd46121789e.root'
shuangyu  850596  0.1  0.0 802620 18308 pts/72   Sl   15:01   0:00 xrdfs root://xrootd-cms.infn.it/ stat /store/mc/Run3Summer21PrePremix/Neutrino_E-10_gun/PREMIX/Summer22_124X_mcRun3_2022_realistic_v11-v2/2550002/09382cf5-f5f8-4d9e-972c-8bd46121789e.root
shuangyu  858146  0.0  0.0   6408  2432 pts/72   S+   15:02   0:00 grep xrdfs
shuangyu  850594  0.0  0.0   5592  2048 pts/72   S    15:01   0:00 timeout 30 bash -c xrdfs 'root://xrootd-cms.infn.it/' stat '/store/mc/Run3Summer21PrePremix/Neutrino_E-10_gun/PREMIX/Summer22_124X_mcRun3_2022_realistic_v11-v2/2550002/09382cf5-f5f8-4d9e-972c-8bd46121789e.root'
shuangyu  850596  0.1  0.0 802620 18308 pts/72   Sl   15:01   0:00 xrdfs root://xrootd-cms.infn.it/ stat /store/mc/Run3Summer21PrePremix/Neutrino_E-10_gun/PREMIX/Summer22_124X_mcRun3_2022_realistic_v11-v2/2550002/09382cf5-f5f8-4d9e-972c-8bd46121789e.root
shuangyu  859367  0.0  0.0   6408  2432 pts/72   S+   15:02   0:00 grep xrdfs
shuangyu  860262  0.0  0.0   5592  2048 pts/72   S    15:02   0:00 timeout 30 bash -c xrdfs 'root://xrootd-cms.infn.it/' stat '/store/mc/Run3Summer21PrePremix/Neutrino_E-10_gun/PREMIX/Summer22_124X_mcRun3_2022_realistic_v11-v2/2550002/09f3b8b2-7ad8-4aa4-9a99-3c240d23598e.root'
shuangyu  860265  0.0  0.0 343248 16124 pts/72   Sl   15:02   0:00 xrdfs root://xrootd-cms.infn.it/ stat /store/mc/Run3Summer21PrePremix/Neutrino_E-10_gun/PREMIX/Summer22_124X_mcRun3_2022_realistic_v11-v2/2550002/09f3b8b2-7ad8-4aa4-9a99-3c240d23598e.root
shuangyu  860522  0.0  0.0   6408  2432 pts/72   S+   15:02   0:00 grep xrdfs
shuangyu  860262  0.0  0.0   5592  2048 pts/72   S    15:02   0:00 timeout 30 bash -c xrdfs 'root://xrootd-cms.infn.it/' stat '/store/mc/Run3Summer21PrePremix/Neutrino_E-10_gun/PREMIX/Summer22_124X_mcRun3_2022_realistic_v11-v2/2550002/09f3b8b2-7ad8-4aa4-9a99-3c240d23598e.root'
shuangyu  860265  0.1  0.0 670928 16252 pts/72   Sl   15:02   0:00 xrdfs root://xrootd-cms.infn.it/ stat /store/mc/Run3Summer21PrePremix/Neutrino_E-10_gun/PREMIX/Summer22_124X_mcRun3_2022_realistic_v11-v2/2550002/09f3b8b2-7ad8-4aa4-9a99-3c240d23598e.root
shuangyu  863182  0.0  0.0   6408  2432 pts/72   S+   15:02   0:00 grep xrdfs
shuangyu  860262  0.0  0.0   5592  2048 pts/72   S    15:02   0:00 timeout 30 bash -c xrdfs 'root://xrootd-cms.infn.it/' stat '/store/mc/Run3Summer21PrePremix/Neutrino_E-10_gun/PREMIX/Summer22_124X_mcRun3_2022_realistic_v11-v2/2550002/09f3b8b2-7ad8-4aa4-9a99-3c240d23598e.root'
shuangyu  860265  0.1  0.0 670928 16252 pts/72   Sl   15:02   0:00 xrdfs root://xrootd-cms.infn.it/ stat /store/mc/Run3Summer21PrePremix/Neutrino_E-10_gun/PREMIX/Summer22_124X_mcRun3_2022_realistic_v11-v2/2550002/09f3b8b2-7ad8-4aa4-9a99-3c240d23598e.root
shuangyu  864097  0.0  0.0   6408  2432 pts/72   S+   15:02   0:00 grep xrdfs
shuangyu  860262  0.0  0.0   5592  2048 pts/72   S    15:02   0:00 timeout 30 bash -c xrdfs 'root://xrootd-cms.infn.it/' stat '/store/mc/Run3Summer21PrePremix/Neutrino_E-10_gun/PREMIX/Summer22_124X_mcRun3_2022_realistic_v11-v2/2550002/09f3b8b2-7ad8-4aa4-9a99-3c240d23598e.root'
shuangyu  860265  0.1  0.0 670928 16252 pts/72   Sl   15:02   0:00 xrdfs root://xrootd-cms.infn.it/ stat /store/mc/Run3Summer21PrePremix/Neutrino_E-10_gun/PREMIX/Summer22_124X_mcRun3_2022_realistic_v11-v2/2550002/09f3b8b2-7ad8-4aa4-9a99-3c240d23598e.root
shuangyu  865576  0.0  0.0   6408  2432 pts/72   S+   15:02   0:00 grep xrdfs
shuangyu  860262  0.0  0.0   5592  2048 pts/72   S    15:02   0:00 timeout 30 bash -c xrdfs 'root://xrootd-cms.infn.it/' stat '/store/mc/Run3Summer21PrePremix/Neutrino_E-10_gun/PREMIX/Summer22_124X_mcRun3_2022_realistic_v11-v2/2550002/09f3b8b2-7ad8-4aa4-9a99-3c240d23598e.root'
shuangyu  860265  0.0  0.0 670928 16252 pts/72   Sl   15:02   0:00 xrdfs root://xrootd-cms.infn.it/ stat /store/mc/Run3Summer21PrePremix/Neutrino_E-10_gun/PREMIX/Summer22_124X_mcRun3_2022_realistic_v11-v2/2550002/09f3b8b2-7ad8-4aa4-9a99-3c240d23598e.root
shuangyu  868238  0.0  0.0   6408  2432 pts/72   S+   15:02   0:00 grep xrdfs
shuangyu  860262  0.0  0.0   5592  2048 pts/72   S    15:02   0:00 timeout 30 bash -c xrdfs 'root://xrootd-cms.infn.it/' stat '/store/mc/Run3Summer21PrePremix/Neutrino_E-10_gun/PREMIX/Summer22_124X_mcRun3_2022_realistic_v11-v2/2550002/09f3b8b2-7ad8-4aa4-9a99-3c240d23598e.root'
shuangyu  860265  0.0  0.0 670928 16252 pts/72   Sl   15:02   0:00 xrdfs root://xrootd-cms.infn.it/ stat /store/mc/Run3Summer21PrePremix/Neutrino_E-10_gun/PREMIX/Summer22_124X_mcRun3_2022_realistic_v11-v2/2550002/09f3b8b2-7ad8-4aa4-9a99-3c240d23598e.root
shuangyu  868967  0.0  0.0   6408  2432 pts/72   S+   15:02   0:00 grep xrdfs
shuangyu  870280  0.0  0.0   5592  2048 pts/72   S    15:02   0:00 timeout 30 bash -c xrdfs 'root://xrootd-cms.infn.it/' stat '/store/mc/Run3Summer21PrePremix/Neutrino_E-10_gun/PREMIX/Summer22_124X_mcRun3_2022_realistic_v11-v2/2550002/0cadad1d-6c27-4627-98a4-a6d824eda611.root'
shuangyu  870281  0.0  0.0 343248 14080 pts/72   Sl   15:02   0:00 xrdfs root://xrootd-cms.infn.it/ stat /store/mc/Run3Summer21PrePremix/Neutrino_E-10_gun/PREMIX/Summer22_124X_mcRun3_2022_realistic_v11-v2/2550002/0cadad1d-6c27-4627-98a4-a6d824eda611.root
shuangyu  870616  0.0  0.0   6408  2432 pts/72   S+   15:02   0:00 grep xrdfs
shuangyu  870280  0.0  0.0   5592  2048 pts/72   S    15:02   0:00 timeout 30 bash -c xrdfs 'root://xrootd-cms.infn.it/' stat '/store/mc/Run3Summer21PrePremix/Neutrino_E-10_gun/PREMIX/Summer22_124X_mcRun3_2022_realistic_v11-v2/2550002/0cadad1d-6c27-4627-98a4-a6d824eda611.root'
shuangyu  870281  0.1  0.0 539856 14080 pts/72   Sl   15:02   0:00 xrdfs root://xrootd-cms.infn.it/ stat /store/mc/Run3Summer21PrePremix/Neutrino_E-10_gun/PREMIX/Summer22_124X_mcRun3_2022_realistic_v11-v2/2550002/0cadad1d-6c27-4627-98a4-a6d824eda611.root
shuangyu  873318  0.0  0.0   6408  2432 pts/72   S+   15:02   0:00 grep xrdfs
shuangyu  870280  0.0  0.0   5592  2048 pts/72   S    15:02   0:00 timeout 30 bash -c xrdfs 'root://xrootd-cms.infn.it/' stat '/store/mc/Run3Summer21PrePremix/Neutrino_E-10_gun/PREMIX/Summer22_124X_mcRun3_2022_realistic_v11-v2/2550002/0cadad1d-6c27-4627-98a4-a6d824eda611.root'
shuangyu  870281  0.0  0.0 605392 14080 pts/72   Sl   15:02   0:00 xrdfs root://xrootd-cms.infn.it/ stat /store/mc/Run3Summer21PrePremix/Neutrino_E-10_gun/PREMIX/Summer22_124X_mcRun3_2022_realistic_v11-v2/2550002/0cadad1d-6c27-4627-98a4-a6d824eda611.root
shuangyu  873835  0.0  0.0   6408  2432 pts/72   S+   15:02   0:00 grep xrdfs
shuangyu  870280  0.0  0.0   5592  2048 pts/72   S    15:02   0:00 timeout 30 bash -c xrdfs 'root://xrootd-cms.infn.it/' stat '/store/mc/Run3Summer21PrePremix/Neutrino_E-10_gun/PREMIX/Summer22_124X_mcRun3_2022_realistic_v11-v2/2550002/0cadad1d-6c27-4627-98a4-a6d824eda611.root'
shuangyu  870281  0.2  0.0 802620 16256 pts/72   Sl   15:02   0:00 xrdfs root://xrootd-cms.infn.it/ stat /store/mc/Run3Summer21PrePremix/Neutrino_E-10_gun/PREMIX/Summer22_124X_mcRun3_2022_realistic_v11-v2/2550002/0cadad1d-6c27-4627-98a4-a6d824eda611.root
shuangyu  875425  0.0  0.0   6408  2432 pts/72   S+   15:02   0:00 grep xrdfs
shuangyu  883530  0.0  0.0   6408  2432 pts/72   S+   15:03   0:00 grep xrdfs
shuangyu  885221  0.0  0.0   5592  2048 pts/72   S    15:03   0:00 timeout 30 bash -c xrdfs 'root://xrootd-cms.infn.it/' stat '/store/mc/Run3Summer21PrePremix/Neutrino_E-10_gun/PREMIX/Summer22_124X_mcRun3_2022_realistic_v11-v2/2550000/116e63be-9351-4911-a8ee-0b9b1d39222c.root'
shuangyu  885222  0.0  0.0 212176 14208 pts/72   Sl   15:03   0:00 xrdfs root://xrootd-cms.infn.it/ stat /store/mc/Run3Summer21PrePremix/Neutrino_E-10_gun/PREMIX/Summer22_124X_mcRun3_2022_realistic_v11-v2/2550000/116e63be-9351-4911-a8ee-0b9b1d39222c.root
shuangyu  885266  0.0  0.0   6408  2432 pts/72   S+   15:03   0:00 grep xrdfs
shuangyu  887659  0.0  0.0   6408  2432 pts/72   S+   15:03   0:00 grep xrdfs
